[debug] [2022-10-20T04:29:33.330Z] ----------------------------------------------------------------------
[debug] [2022-10-20T04:29:33.333Z] Command:       C:\Program Files\nodejs\node.exe C:\Users\Jeetendra Patidar\AppData\Roaming\npm\node_modules\firebase-tools\lib\bin\firebase.js serve --only functions
[debug] [2022-10-20T04:29:33.333Z] CLI Version:   11.15.0
[debug] [2022-10-20T04:29:33.333Z] Platform:      win32
[debug] [2022-10-20T04:29:33.333Z] Node Version:  v16.17.1
[debug] [2022-10-20T04:29:33.335Z] Time:          Wed Oct 19 2022 23:29:33 GMT-0500 (Central Daylight Time)
[debug] [2022-10-20T04:29:33.335Z] ----------------------------------------------------------------------
[debug] 
[debug] [2022-10-20T04:29:33.454Z] > command requires scopes: ["email","openid","https://www.googleapis.com/auth/cloudplatformprojects.readonly","https://www.googleapis.com/auth/firebase","https://www.googleapis.com/auth/cloud-platform"]
[debug] [2022-10-20T04:29:33.455Z] > authorizing via signed-in user (divyapatidar28178@gmail.com)
[debug] [2022-10-20T04:29:33.455Z] [iam] checking project e-clone-d2cad for permissions ["firebase.projects.get"]
[debug] [2022-10-20T04:29:33.457Z] >>> [apiv2][query] POST https://cloudresourcemanager.googleapis.com/v1/projects/e-clone-d2cad:testIamPermissions [none]
[debug] [2022-10-20T04:29:33.457Z] >>> [apiv2][(partial)header] POST https://cloudresourcemanager.googleapis.com/v1/projects/e-clone-d2cad:testIamPermissions x-goog-quota-user=projects/e-clone-d2cad
[debug] [2022-10-20T04:29:33.457Z] >>> [apiv2][body] POST https://cloudresourcemanager.googleapis.com/v1/projects/e-clone-d2cad:testIamPermissions {"permissions":["firebase.projects.get"]}
[debug] [2022-10-20T04:29:35.351Z] <<< [apiv2][status] POST https://cloudresourcemanager.googleapis.com/v1/projects/e-clone-d2cad:testIamPermissions 200
[debug] [2022-10-20T04:29:35.352Z] <<< [apiv2][body] POST https://cloudresourcemanager.googleapis.com/v1/projects/e-clone-d2cad:testIamPermissions {"permissions":["firebase.projects.get"]}
[debug] [2022-10-20T04:29:35.355Z] >>> [apiv2][query] GET https://firebase.googleapis.com/v1beta1/projects/e-clone-d2cad [none]
[debug] [2022-10-20T04:29:36.066Z] <<< [apiv2][status] GET https://firebase.googleapis.com/v1beta1/projects/e-clone-d2cad 200
[debug] [2022-10-20T04:29:36.066Z] <<< [apiv2][body] GET https://firebase.googleapis.com/v1beta1/projects/e-clone-d2cad {"projectId":"e-clone-d2cad","projectNumber":"699541427477","displayName":"AMAZONE-CLONE","name":"projects/e-clone-d2cad","resources":{"hostingSite":"e-clone-d2cad"},"state":"ACTIVE","etag":"1_c7af46c5-396f-422b-8bfc-c53d4074af67"}
[info] +  functions: Using node@16 from host. {"metadata":{"emulator":{"name":"functions"},"message":"Using node@16 from host."}}
[debug] [2022-10-20T04:29:36.103Z] defaultcredentials: writing to file C:\Users\Jeetendra Patidar\AppData\Roaming\firebase\divyapatidar28178_gmail_com_application_default_credentials.json
[debug] [2022-10-20T04:29:36.107Z] Setting GAC to C:\Users\Jeetendra Patidar\AppData\Roaming\firebase\divyapatidar28178_gmail_com_application_default_credentials.json {"metadata":{"emulator":{"name":"functions"},"message":"Setting GAC to C:\\Users\\Jeetendra Patidar\\AppData\\Roaming\\firebase\\divyapatidar28178_gmail_com_application_default_credentials.json"}}
[debug] [2022-10-20T04:29:36.108Z] >>> [apiv2][query] GET https://firebase.googleapis.com/v1beta1/projects/e-clone-d2cad/adminSdkConfig [none]
[debug] [2022-10-20T04:29:37.190Z] <<< [apiv2][status] GET https://firebase.googleapis.com/v1beta1/projects/e-clone-d2cad/adminSdkConfig 200
[debug] [2022-10-20T04:29:37.190Z] <<< [apiv2][body] GET https://firebase.googleapis.com/v1beta1/projects/e-clone-d2cad/adminSdkConfig {"projectId":"e-clone-d2cad","storageBucket":"e-clone-d2cad.appspot.com"}
[debug] [2022-10-20T04:29:37.229Z] Error: listen EADDRINUSE: address already in use 127.0.0.1:5000
    at Server.setupListenHandle [as _listen2] (node:net:1432:16)
    at listenInCluster (node:net:1480:12)
    at GetAddrInfoReqWrap.doListen [as callback] (node:net:1629:7)
    at GetAddrInfoReqWrap.onlookup [as oncomplete] (node:dns:111:8)
[error] 
[error] Error: An unexpected error has occurred.
[info] i  functions: Watching "C:\Users\Jeetendra Patidar\Desktop\app clone project\amazone-clone\functions" for Cloud Functions... {"metadata":{"emulator":{"name":"functions"},"message":"Watching \"C:\\Users\\Jeetendra Patidar\\Desktop\\app clone project\\amazone-clone\\functions\" for Cloud Functions..."}}
[debug] [2022-10-20T04:29:37.242Z] Validating nodejs source
